#
# this file is used to distribute the Debian package
#
hascmexp
hasdelay
hastodt
haso107d1
haspp01eh1
haspp01eh2
haspp01eh3
haspp01oh1
haspp01oh2
haspp02ch1
haspp02ch1a
haspp02ch1cam
haspp02ch2
haspp02ch2cam1
haspp02ch2cam2
haspp02eh1a
haspp02eh1b
haspp02eh1hutch
haspp02eh2a
haspp02eh2b
haspp02elab
haspp02lakl
haspp02oh1
haspp03
haspp03nano
haspp03nanosc
haspp04exp1
haspp04exp2
haspp04foc
haspp04ion
haspp04ps
haspp04rmu1
haspp06
haspp06cam01
haspp06ctrl
haspp06eval01
haspp06maia02
haspp06mc01
haspp06mono
haspp06nc1
haspp07eh2
haspp07eh2b
haspp07medipix
haspp07oh2
haspp07teh2
haspp08
haspp08gpib
haspp08mono
haspp09
haspp09camview
haspp09dif
haspp09haxps
haspp09hpview
haspp09mag
haspp09mono
haspp10e1
haspp10e2
haspp10lab
haspp10lcx
haspp10opt
haspp11exp01
haspp11exp02
haspp11exp03
haspp11mexp2
haspp11oh
haspp11user01
haspp11user02
haspp11user03
haspp11user04
haspp21lab
hasnp65
hzgpp05ct1
hzgpp05t01
hzgpp05vme0
hzgpp05vme1
hzgpp05vme2
hzgpp07ct1
hzgpp07ctrec1
hzgpp07ctrec2
hzgpp07eh1
hzgpp07eh3
hzgpp07eh4
hzgpp07oh1
hzgpp07oh3
hzgpp07teh1
hzgpp07teh3
hzgpp07teh4
hzgpp07test
